<?xml version="1.0" encoding="UTF-8"?>
<testsuite name="hu.bme.mit.train.tachograph.TachographTest" tests="1" skipped="0" failures="0" errors="0" timestamp="2021-03-24T18:49:02" hostname="Szabo-Air" time="0.052">
  <properties/>
  <testcase name="TableIsEmpty" classname="hu.bme.mit.train.tachograph.TachographTest" time="0.052"/>
  <system-out><![CDATA[]]></system-out>
  <system-err><![CDATA[]]></system-err>
</testsuite>
